  glMotorJuegosBase.cpp
c:\users\sergio\desktop\exp_9_practicaobligatoria_pa\practica_obligatoria_pa_visualstudio\openglbase\planoz.h(17): warning C4305: 'argument': truncation from 'double' to 'float'
c:\users\sergio\desktop\exp_9_practicaobligatoria_pa\practica_obligatoria_pa_visualstudio\openglbase\particula.h(31): warning C4244: 'argument': conversion from 'double' to 'float', possible loss of data
c:\users\sergio\desktop\exp_9_practicaobligatoria_pa\practica_obligatoria_pa_visualstudio\openglbase\particula.h(31): warning C4305: 'initializing': truncation from 'double' to 'float'
c:\users\sergio\desktop\exp_9_practicaobligatoria_pa\practica_obligatoria_pa_visualstudio\openglbase\particula.h(48): warning C4244: 'argument': conversion from 'double' to 'float', possible loss of data
c:\users\sergio\desktop\exp_9_practicaobligatoria_pa\practica_obligatoria_pa_visualstudio\openglbase\particula.h(63): warning C4244: 'argument': conversion from 'double' to 'float', possible loss of data
c:\users\sergio\desktop\exp_9_practicaobligatoria_pa\practica_obligatoria_pa_visualstudio\openglbase\particula.h(66): warning C4244: 'argument': conversion from 'double' to 'float', possible loss of data
c:\users\sergio\desktop\exp_9_practicaobligatoria_pa\practica_obligatoria_pa_visualstudio\openglbase\particula.h(88): warning C4305: 'initializing': truncation from 'double' to 'float'
c:\users\sergio\desktop\exp_9_practicaobligatoria_pa\practica_obligatoria_pa_visualstudio\openglbase\modelo.h(48): warning C4244: 'argument': conversion from 'double' to 'GLfloat', possible loss of data
c:\users\sergio\desktop\exp_9_practicaobligatoria_pa\practica_obligatoria_pa_visualstudio\openglbase\glmotorjuegosbase.cpp(44): warning C4305: 'argument': truncation from 'double' to 'float'
c:\users\sergio\desktop\exp_9_practicaobligatoria_pa\practica_obligatoria_pa_visualstudio\openglbase\glmotorjuegosbase.cpp(285): warning C4305: 'argument': truncation from 'double' to 'float'
c:\users\sergio\desktop\exp_9_practicaobligatoria_pa\practica_obligatoria_pa_visualstudio\openglbase\glmotorjuegosbase.cpp(337): warning C4305: '=': truncation from 'double' to 'float'
c:\users\sergio\desktop\exp_9_practicaobligatoria_pa\practica_obligatoria_pa_visualstudio\openglbase\glmotorjuegosbase.cpp(338): warning C4305: '=': truncation from 'double' to 'float'
c:\users\sergio\desktop\exp_9_practicaobligatoria_pa\practica_obligatoria_pa_visualstudio\openglbase\glmotorjuegosbase.cpp(345): warning C4305: 'argument': truncation from 'double' to 'float'
c:\users\sergio\desktop\exp_9_practicaobligatoria_pa\practica_obligatoria_pa_visualstudio\openglbase\glmotorjuegosbase.cpp(518): warning C4305: 'argument': truncation from 'double' to 'float'
c:\users\sergio\desktop\exp_9_practicaobligatoria_pa\practica_obligatoria_pa_visualstudio\openglbase\glmotorjuegosbase.cpp(529): warning C4305: 'argument': truncation from 'double' to 'float'
c:\users\sergio\desktop\exp_9_practicaobligatoria_pa\practica_obligatoria_pa_visualstudio\openglbase\glmotorjuegosbase.cpp(542): warning C4305: 'argument': truncation from 'double' to 'float'
  Generating code
  4 of 645 functions ( 0.6%) were compiled, the rest were copied from previous compilation.
    0 functions were new in current compilation
    4 functions had inline decision re-evaluated but remain unchanged
  Finished generating code
  OpenGLBase.vcxproj -> C:\Users\Sergio\Desktop\Exp_9_PracticaObligatoria_PA\Practica_Obligatoria_PA_VisualStudio\x64\Release\Motor.exe
