  contorno.cpp
c:\users\losme\desktop\pingpangpung_100_9_pajulio\pingpangpung_100_9_pa\exp_9_100_practicaobligatoria_pa\practica_obligatoria_pa_visualstudio\openglbase\solido.h(11): fatal error C1083: No se puede abrir el archivo incluir: 'GL/glut.h': No such file or directory
  cubo.cpp
c:\users\losme\desktop\pingpangpung_100_9_pajulio\pingpangpung_100_9_pa\exp_9_100_practicaobligatoria_pa\practica_obligatoria_pa_visualstudio\openglbase\solido.h(11): fatal error C1083: No se puede abrir el archivo incluir: 'GL/glut.h': No such file or directory
  escena.cpp
c:\users\losme\desktop\pingpangpung_100_9_pajulio\pingpangpung_100_9_pa\exp_9_100_practicaobligatoria_pa\practica_obligatoria_pa_visualstudio\openglbase\solido.h(11): fatal error C1083: No se puede abrir el archivo incluir: 'GL/glut.h': No such file or directory
  esfera.cpp
c:\users\losme\desktop\pingpangpung_100_9_pajulio\pingpangpung_100_9_pa\exp_9_100_practicaobligatoria_pa\practica_obligatoria_pa_visualstudio\openglbase\solido.h(11): fatal error C1083: No se puede abrir el archivo incluir: 'GL/glut.h': No such file or directory
  glMotorJuegosBase.cpp
c:\users\losme\desktop\pingpangpung_100_9_pajulio\pingpangpung_100_9_pa\exp_9_100_practicaobligatoria_pa\practica_obligatoria_pa_visualstudio\openglbase\glmotorjuegosbase.cpp(10): fatal error C1083: No se puede abrir el archivo incluir: 'GL/glut.h': No such file or directory
  modelo.cpp
c:\users\losme\desktop\pingpangpung_100_9_pajulio\pingpangpung_100_9_pa\exp_9_100_practicaobligatoria_pa\practica_obligatoria_pa_visualstudio\openglbase\solido.h(11): fatal error C1083: No se puede abrir el archivo incluir: 'GL/glut.h': No such file or directory
  particula.cpp
c:\users\losme\desktop\pingpangpung_100_9_pajulio\pingpangpung_100_9_pa\exp_9_100_practicaobligatoria_pa\practica_obligatoria_pa_visualstudio\openglbase\particula.h(12): fatal error C1083: No se puede abrir el archivo incluir: 'GL/glut.h': No such file or directory
  plano.cpp
c:\users\losme\desktop\pingpangpung_100_9_pajulio\pingpangpung_100_9_pa\exp_9_100_practicaobligatoria_pa\practica_obligatoria_pa_visualstudio\openglbase\solido.h(11): fatal error C1083: No se puede abrir el archivo incluir: 'GL/glut.h': No such file or directory
  planoX.cpp
c:\users\losme\desktop\pingpangpung_100_9_pajulio\pingpangpung_100_9_pa\exp_9_100_practicaobligatoria_pa\practica_obligatoria_pa_visualstudio\openglbase\solido.h(11): fatal error C1083: No se puede abrir el archivo incluir: 'GL/glut.h': No such file or directory
  planoY.cpp
c:\users\losme\desktop\pingpangpung_100_9_pajulio\pingpangpung_100_9_pa\exp_9_100_practicaobligatoria_pa\practica_obligatoria_pa_visualstudio\openglbase\solido.h(11): fatal error C1083: No se puede abrir el archivo incluir: 'GL/glut.h': No such file or directory
  planoZ.cpp
c:\users\losme\desktop\pingpangpung_100_9_pajulio\pingpangpung_100_9_pa\exp_9_100_practicaobligatoria_pa\practica_obligatoria_pa_visualstudio\openglbase\solido.h(11): fatal error C1083: No se puede abrir el archivo incluir: 'GL/glut.h': No such file or directory
  renderizable.cpp
  solido.cpp
c:\users\losme\desktop\pingpangpung_100_9_pajulio\pingpangpung_100_9_pa\exp_9_100_practicaobligatoria_pa\practica_obligatoria_pa_visualstudio\openglbase\solido.h(11): fatal error C1083: No se puede abrir el archivo incluir: 'GL/glut.h': No such file or directory
  triangulo.cpp
c:\users\losme\desktop\pingpangpung_100_9_pajulio\pingpangpung_100_9_pa\exp_9_100_practicaobligatoria_pa\practica_obligatoria_pa_visualstudio\openglbase\solido.h(11): fatal error C1083: No se puede abrir el archivo incluir: 'GL/glut.h': No such file or directory
  Generando código...
