  contorno.cpp
c:\users\losme\desktop\pingpangpung_100_9_pajulio\pingpangpung_100_9_pa\exp_9_100_practicaobligatoria_pa\practica_obligatoria_pa_visualstudio\openglbase\planoz.h(17): warning C4305: 'argumento': truncamiento de 'double' a 'float'
c:\users\losme\desktop\pingpangpung_100_9_pajulio\pingpangpung_100_9_pa\exp_9_100_practicaobligatoria_pa\practica_obligatoria_pa_visualstudio\openglbase\particula.h(31): warning C4244: 'argumento': conversión de 'double' a 'float'; posible pérdida de datos
c:\users\losme\desktop\pingpangpung_100_9_pajulio\pingpangpung_100_9_pa\exp_9_100_practicaobligatoria_pa\practica_obligatoria_pa_visualstudio\openglbase\particula.h(31): warning C4305: 'inicializando': truncamiento de 'double' a 'float'
c:\users\losme\desktop\pingpangpung_100_9_pajulio\pingpangpung_100_9_pa\exp_9_100_practicaobligatoria_pa\practica_obligatoria_pa_visualstudio\openglbase\particula.h(48): warning C4244: 'argumento': conversión de 'double' a 'float'; posible pérdida de datos
c:\users\losme\desktop\pingpangpung_100_9_pajulio\pingpangpung_100_9_pa\exp_9_100_practicaobligatoria_pa\practica_obligatoria_pa_visualstudio\openglbase\particula.h(63): warning C4244: 'argumento': conversión de 'double' a 'float'; posible pérdida de datos
c:\users\losme\desktop\pingpangpung_100_9_pajulio\pingpangpung_100_9_pa\exp_9_100_practicaobligatoria_pa\practica_obligatoria_pa_visualstudio\openglbase\particula.h(66): warning C4244: 'argumento': conversión de 'double' a 'float'; posible pérdida de datos
c:\users\losme\desktop\pingpangpung_100_9_pajulio\pingpangpung_100_9_pa\exp_9_100_practicaobligatoria_pa\practica_obligatoria_pa_visualstudio\openglbase\particula.h(88): warning C4305: 'inicializando': truncamiento de 'double' a 'float'
  cubo.cpp
c:\users\losme\desktop\pingpangpung_100_9_pajulio\pingpangpung_100_9_pa\exp_9_100_practicaobligatoria_pa\practica_obligatoria_pa_visualstudio\openglbase\planoz.h(17): warning C4305: 'argumento': truncamiento de 'double' a 'float'
c:\users\losme\desktop\pingpangpung_100_9_pajulio\pingpangpung_100_9_pa\exp_9_100_practicaobligatoria_pa\practica_obligatoria_pa_visualstudio\openglbase\particula.h(31): warning C4244: 'argumento': conversión de 'double' a 'float'; posible pérdida de datos
c:\users\losme\desktop\pingpangpung_100_9_pajulio\pingpangpung_100_9_pa\exp_9_100_practicaobligatoria_pa\practica_obligatoria_pa_visualstudio\openglbase\particula.h(31): warning C4305: 'inicializando': truncamiento de 'double' a 'float'
c:\users\losme\desktop\pingpangpung_100_9_pajulio\pingpangpung_100_9_pa\exp_9_100_practicaobligatoria_pa\practica_obligatoria_pa_visualstudio\openglbase\particula.h(48): warning C4244: 'argumento': conversión de 'double' a 'float'; posible pérdida de datos
c:\users\losme\desktop\pingpangpung_100_9_pajulio\pingpangpung_100_9_pa\exp_9_100_practicaobligatoria_pa\practica_obligatoria_pa_visualstudio\openglbase\particula.h(63): warning C4244: 'argumento': conversión de 'double' a 'float'; posible pérdida de datos
c:\users\losme\desktop\pingpangpung_100_9_pajulio\pingpangpung_100_9_pa\exp_9_100_practicaobligatoria_pa\practica_obligatoria_pa_visualstudio\openglbase\particula.h(66): warning C4244: 'argumento': conversión de 'double' a 'float'; posible pérdida de datos
c:\users\losme\desktop\pingpangpung_100_9_pajulio\pingpangpung_100_9_pa\exp_9_100_practicaobligatoria_pa\practica_obligatoria_pa_visualstudio\openglbase\particula.h(88): warning C4305: 'inicializando': truncamiento de 'double' a 'float'
  escena.cpp
  esfera.cpp
c:\users\losme\desktop\pingpangpung_100_9_pajulio\pingpangpung_100_9_pa\exp_9_100_practicaobligatoria_pa\practica_obligatoria_pa_visualstudio\openglbase\planoz.h(17): warning C4305: 'argumento': truncamiento de 'double' a 'float'
c:\users\losme\desktop\pingpangpung_100_9_pajulio\pingpangpung_100_9_pa\exp_9_100_practicaobligatoria_pa\practica_obligatoria_pa_visualstudio\openglbase\particula.h(31): warning C4244: 'argumento': conversión de 'double' a 'float'; posible pérdida de datos
c:\users\losme\desktop\pingpangpung_100_9_pajulio\pingpangpung_100_9_pa\exp_9_100_practicaobligatoria_pa\practica_obligatoria_pa_visualstudio\openglbase\particula.h(31): warning C4305: 'inicializando': truncamiento de 'double' a 'float'
c:\users\losme\desktop\pingpangpung_100_9_pajulio\pingpangpung_100_9_pa\exp_9_100_practicaobligatoria_pa\practica_obligatoria_pa_visualstudio\openglbase\particula.h(48): warning C4244: 'argumento': conversión de 'double' a 'float'; posible pérdida de datos
c:\users\losme\desktop\pingpangpung_100_9_pajulio\pingpangpung_100_9_pa\exp_9_100_practicaobligatoria_pa\practica_obligatoria_pa_visualstudio\openglbase\particula.h(63): warning C4244: 'argumento': conversión de 'double' a 'float'; posible pérdida de datos
c:\users\losme\desktop\pingpangpung_100_9_pajulio\pingpangpung_100_9_pa\exp_9_100_practicaobligatoria_pa\practica_obligatoria_pa_visualstudio\openglbase\particula.h(66): warning C4244: 'argumento': conversión de 'double' a 'float'; posible pérdida de datos
c:\users\losme\desktop\pingpangpung_100_9_pajulio\pingpangpung_100_9_pa\exp_9_100_practicaobligatoria_pa\practica_obligatoria_pa_visualstudio\openglbase\particula.h(88): warning C4305: 'inicializando': truncamiento de 'double' a 'float'
  glMotorJuegosBase.cpp
c:\users\losme\desktop\pingpangpung_100_9_pajulio\pingpangpung_100_9_pa\exp_9_100_practicaobligatoria_pa\practica_obligatoria_pa_visualstudio\openglbase\planoz.h(17): warning C4305: 'argumento': truncamiento de 'double' a 'float'
c:\users\losme\desktop\pingpangpung_100_9_pajulio\pingpangpung_100_9_pa\exp_9_100_practicaobligatoria_pa\practica_obligatoria_pa_visualstudio\openglbase\particula.h(31): warning C4244: 'argumento': conversión de 'double' a 'float'; posible pérdida de datos
c:\users\losme\desktop\pingpangpung_100_9_pajulio\pingpangpung_100_9_pa\exp_9_100_practicaobligatoria_pa\practica_obligatoria_pa_visualstudio\openglbase\particula.h(31): warning C4305: 'inicializando': truncamiento de 'double' a 'float'
c:\users\losme\desktop\pingpangpung_100_9_pajulio\pingpangpung_100_9_pa\exp_9_100_practicaobligatoria_pa\practica_obligatoria_pa_visualstudio\openglbase\particula.h(48): warning C4244: 'argumento': conversión de 'double' a 'float'; posible pérdida de datos
c:\users\losme\desktop\pingpangpung_100_9_pajulio\pingpangpung_100_9_pa\exp_9_100_practicaobligatoria_pa\practica_obligatoria_pa_visualstudio\openglbase\particula.h(63): warning C4244: 'argumento': conversión de 'double' a 'float'; posible pérdida de datos
c:\users\losme\desktop\pingpangpung_100_9_pajulio\pingpangpung_100_9_pa\exp_9_100_practicaobligatoria_pa\practica_obligatoria_pa_visualstudio\openglbase\particula.h(66): warning C4244: 'argumento': conversión de 'double' a 'float'; posible pérdida de datos
c:\users\losme\desktop\pingpangpung_100_9_pajulio\pingpangpung_100_9_pa\exp_9_100_practicaobligatoria_pa\practica_obligatoria_pa_visualstudio\openglbase\particula.h(88): warning C4305: 'inicializando': truncamiento de 'double' a 'float'
c:\users\losme\desktop\pingpangpung_100_9_pajulio\pingpangpung_100_9_pa\exp_9_100_practicaobligatoria_pa\practica_obligatoria_pa_visualstudio\openglbase\modelo.h(48): warning C4244: 'argumento': conversión de 'double' a 'GLfloat'; posible pérdida de datos
c:\users\losme\desktop\pingpangpung_100_9_pajulio\pingpangpung_100_9_pa\exp_9_100_practicaobligatoria_pa\practica_obligatoria_pa_visualstudio\openglbase\glmotorjuegosbase.cpp(41): warning C4305: 'argumento': truncamiento de 'double' a 'float'
c:\users\losme\desktop\pingpangpung_100_9_pajulio\pingpangpung_100_9_pa\exp_9_100_practicaobligatoria_pa\practica_obligatoria_pa_visualstudio\openglbase\glmotorjuegosbase.cpp(278): warning C4305: 'argumento': truncamiento de 'double' a 'float'
c:\users\losme\desktop\pingpangpung_100_9_pajulio\pingpangpung_100_9_pa\exp_9_100_practicaobligatoria_pa\practica_obligatoria_pa_visualstudio\openglbase\glmotorjuegosbase.cpp(328): warning C4305: '=': truncamiento de 'double' a 'float'
c:\users\losme\desktop\pingpangpung_100_9_pajulio\pingpangpung_100_9_pa\exp_9_100_practicaobligatoria_pa\practica_obligatoria_pa_visualstudio\openglbase\glmotorjuegosbase.cpp(329): warning C4305: '=': truncamiento de 'double' a 'float'
c:\users\losme\desktop\pingpangpung_100_9_pajulio\pingpangpung_100_9_pa\exp_9_100_practicaobligatoria_pa\practica_obligatoria_pa_visualstudio\openglbase\glmotorjuegosbase.cpp(336): warning C4305: 'argumento': truncamiento de 'double' a 'float'
c:\users\losme\desktop\pingpangpung_100_9_pajulio\pingpangpung_100_9_pa\exp_9_100_practicaobligatoria_pa\practica_obligatoria_pa_visualstudio\openglbase\glmotorjuegosbase.cpp(486): warning C4305: 'argumento': truncamiento de 'double' a 'float'
c:\users\losme\desktop\pingpangpung_100_9_pajulio\pingpangpung_100_9_pa\exp_9_100_practicaobligatoria_pa\practica_obligatoria_pa_visualstudio\openglbase\glmotorjuegosbase.cpp(497): warning C4305: 'argumento': truncamiento de 'double' a 'float'
c:\users\losme\desktop\pingpangpung_100_9_pajulio\pingpangpung_100_9_pa\exp_9_100_practicaobligatoria_pa\practica_obligatoria_pa_visualstudio\openglbase\glmotorjuegosbase.cpp(510): warning C4305: 'argumento': truncamiento de 'double' a 'float'
  modelo.cpp
c:\users\losme\desktop\pingpangpung_100_9_pajulio\pingpangpung_100_9_pa\exp_9_100_practicaobligatoria_pa\practica_obligatoria_pa_visualstudio\openglbase\planoz.h(17): warning C4305: 'argumento': truncamiento de 'double' a 'float'
c:\users\losme\desktop\pingpangpung_100_9_pajulio\pingpangpung_100_9_pa\exp_9_100_practicaobligatoria_pa\practica_obligatoria_pa_visualstudio\openglbase\particula.h(31): warning C4244: 'argumento': conversión de 'double' a 'float'; posible pérdida de datos
c:\users\losme\desktop\pingpangpung_100_9_pajulio\pingpangpung_100_9_pa\exp_9_100_practicaobligatoria_pa\practica_obligatoria_pa_visualstudio\openglbase\particula.h(31): warning C4305: 'inicializando': truncamiento de 'double' a 'float'
c:\users\losme\desktop\pingpangpung_100_9_pajulio\pingpangpung_100_9_pa\exp_9_100_practicaobligatoria_pa\practica_obligatoria_pa_visualstudio\openglbase\particula.h(48): warning C4244: 'argumento': conversión de 'double' a 'float'; posible pérdida de datos
c:\users\losme\desktop\pingpangpung_100_9_pajulio\pingpangpung_100_9_pa\exp_9_100_practicaobligatoria_pa\practica_obligatoria_pa_visualstudio\openglbase\particula.h(63): warning C4244: 'argumento': conversión de 'double' a 'float'; posible pérdida de datos
c:\users\losme\desktop\pingpangpung_100_9_pajulio\pingpangpung_100_9_pa\exp_9_100_practicaobligatoria_pa\practica_obligatoria_pa_visualstudio\openglbase\particula.h(66): warning C4244: 'argumento': conversión de 'double' a 'float'; posible pérdida de datos
c:\users\losme\desktop\pingpangpung_100_9_pajulio\pingpangpung_100_9_pa\exp_9_100_practicaobligatoria_pa\practica_obligatoria_pa_visualstudio\openglbase\particula.h(88): warning C4305: 'inicializando': truncamiento de 'double' a 'float'
c:\users\losme\desktop\pingpangpung_100_9_pajulio\pingpangpung_100_9_pa\exp_9_100_practicaobligatoria_pa\practica_obligatoria_pa_visualstudio\openglbase\modelo.h(48): warning C4244: 'argumento': conversión de 'double' a 'GLfloat'; posible pérdida de datos
c:\users\losme\desktop\pingpangpung_100_9_pajulio\pingpangpung_100_9_pa\exp_9_100_practicaobligatoria_pa\practica_obligatoria_pa_visualstudio\openglbase\modelo.cpp(27): warning C4244: 'argumento': conversión de 'double' a 'float'; posible pérdida de datos
c:\users\losme\desktop\pingpangpung_100_9_pajulio\pingpangpung_100_9_pa\exp_9_100_practicaobligatoria_pa\practica_obligatoria_pa_visualstudio\openglbase\modelo.cpp(70): warning C4056: desbordamiento en la aritmética de constante de punto flotante
c:\users\losme\desktop\pingpangpung_100_9_pajulio\pingpangpung_100_9_pa\exp_9_100_practicaobligatoria_pa\practica_obligatoria_pa_visualstudio\openglbase\modelo.cpp(71): warning C4056: desbordamiento en la aritmética de constante de punto flotante
c:\users\losme\desktop\pingpangpung_100_9_pajulio\pingpangpung_100_9_pa\exp_9_100_practicaobligatoria_pa\practica_obligatoria_pa_visualstudio\openglbase\modelo.cpp(84): warning C4244: 'argumento': conversión de 'double' a 'float'; posible pérdida de datos
c:\users\losme\desktop\pingpangpung_100_9_pajulio\pingpangpung_100_9_pa\exp_9_100_practicaobligatoria_pa\practica_obligatoria_pa_visualstudio\openglbase\modelo.cpp(99): warning C4056: desbordamiento en la aritmética de constante de punto flotante
c:\users\losme\desktop\pingpangpung_100_9_pajulio\pingpangpung_100_9_pa\exp_9_100_practicaobligatoria_pa\practica_obligatoria_pa_visualstudio\openglbase\modelo.cpp(100): warning C4056: desbordamiento en la aritmética de constante de punto flotante
c:\users\losme\desktop\pingpangpung_100_9_pajulio\pingpangpung_100_9_pa\exp_9_100_practicaobligatoria_pa\practica_obligatoria_pa_visualstudio\openglbase\modelo.cpp(112): warning C4244: 'argumento': conversión de 'double' a 'float'; posible pérdida de datos
c:\users\losme\desktop\pingpangpung_100_9_pajulio\pingpangpung_100_9_pa\exp_9_100_practicaobligatoria_pa\practica_obligatoria_pa_visualstudio\openglbase\modelo.cpp(127): warning C4244: 'argumento': conversión de 'double' a 'float'; posible pérdida de datos
  particula.cpp
c:\users\losme\desktop\pingpangpung_100_9_pajulio\pingpangpung_100_9_pa\exp_9_100_practicaobligatoria_pa\practica_obligatoria_pa_visualstudio\openglbase\particula.h(31): warning C4244: 'argumento': conversión de 'double' a 'float'; posible pérdida de datos
c:\users\losme\desktop\pingpangpung_100_9_pajulio\pingpangpung_100_9_pa\exp_9_100_practicaobligatoria_pa\practica_obligatoria_pa_visualstudio\openglbase\particula.h(31): warning C4305: 'inicializando': truncamiento de 'double' a 'float'
c:\users\losme\desktop\pingpangpung_100_9_pajulio\pingpangpung_100_9_pa\exp_9_100_practicaobligatoria_pa\practica_obligatoria_pa_visualstudio\openglbase\particula.h(48): warning C4244: 'argumento': conversión de 'double' a 'float'; posible pérdida de datos
c:\users\losme\desktop\pingpangpung_100_9_pajulio\pingpangpung_100_9_pa\exp_9_100_practicaobligatoria_pa\practica_obligatoria_pa_visualstudio\openglbase\particula.h(63): warning C4244: 'argumento': conversión de 'double' a 'float'; posible pérdida de datos
c:\users\losme\desktop\pingpangpung_100_9_pajulio\pingpangpung_100_9_pa\exp_9_100_practicaobligatoria_pa\practica_obligatoria_pa_visualstudio\openglbase\particula.h(66): warning C4244: 'argumento': conversión de 'double' a 'float'; posible pérdida de datos
c:\users\losme\desktop\pingpangpung_100_9_pajulio\pingpangpung_100_9_pa\exp_9_100_practicaobligatoria_pa\practica_obligatoria_pa_visualstudio\openglbase\particula.h(88): warning C4305: 'inicializando': truncamiento de 'double' a 'float'
c:\users\losme\desktop\pingpangpung_100_9_pajulio\pingpangpung_100_9_pa\exp_9_100_practicaobligatoria_pa\practica_obligatoria_pa_visualstudio\openglbase\planoz.h(17): warning C4305: 'argumento': truncamiento de 'double' a 'float'
c:\users\losme\desktop\pingpangpung_100_9_pajulio\pingpangpung_100_9_pa\exp_9_100_practicaobligatoria_pa\practica_obligatoria_pa_visualstudio\openglbase\particula.cpp(29): warning C4244: 'argumento': conversión de 'double' a 'GLfloat'; posible pérdida de datos
  plano.cpp
c:\users\losme\desktop\pingpangpung_100_9_pajulio\pingpangpung_100_9_pa\exp_9_100_practicaobligatoria_pa\practica_obligatoria_pa_visualstudio\openglbase\planoz.h(17): warning C4305: 'argumento': truncamiento de 'double' a 'float'
c:\users\losme\desktop\pingpangpung_100_9_pajulio\pingpangpung_100_9_pa\exp_9_100_practicaobligatoria_pa\practica_obligatoria_pa_visualstudio\openglbase\particula.h(31): warning C4244: 'argumento': conversión de 'double' a 'float'; posible pérdida de datos
c:\users\losme\desktop\pingpangpung_100_9_pajulio\pingpangpung_100_9_pa\exp_9_100_practicaobligatoria_pa\practica_obligatoria_pa_visualstudio\openglbase\particula.h(31): warning C4305: 'inicializando': truncamiento de 'double' a 'float'
c:\users\losme\desktop\pingpangpung_100_9_pajulio\pingpangpung_100_9_pa\exp_9_100_practicaobligatoria_pa\practica_obligatoria_pa_visualstudio\openglbase\particula.h(48): warning C4244: 'argumento': conversión de 'double' a 'float'; posible pérdida de datos
c:\users\losme\desktop\pingpangpung_100_9_pajulio\pingpangpung_100_9_pa\exp_9_100_practicaobligatoria_pa\practica_obligatoria_pa_visualstudio\openglbase\particula.h(63): warning C4244: 'argumento': conversión de 'double' a 'float'; posible pérdida de datos
c:\users\losme\desktop\pingpangpung_100_9_pajulio\pingpangpung_100_9_pa\exp_9_100_practicaobligatoria_pa\practica_obligatoria_pa_visualstudio\openglbase\particula.h(66): warning C4244: 'argumento': conversión de 'double' a 'float'; posible pérdida de datos
c:\users\losme\desktop\pingpangpung_100_9_pajulio\pingpangpung_100_9_pa\exp_9_100_practicaobligatoria_pa\practica_obligatoria_pa_visualstudio\openglbase\particula.h(88): warning C4305: 'inicializando': truncamiento de 'double' a 'float'
  planoX.cpp
c:\users\losme\desktop\pingpangpung_100_9_pajulio\pingpangpung_100_9_pa\exp_9_100_practicaobligatoria_pa\practica_obligatoria_pa_visualstudio\openglbase\planoz.h(17): warning C4305: 'argumento': truncamiento de 'double' a 'float'
c:\users\losme\desktop\pingpangpung_100_9_pajulio\pingpangpung_100_9_pa\exp_9_100_practicaobligatoria_pa\practica_obligatoria_pa_visualstudio\openglbase\particula.h(31): warning C4244: 'argumento': conversión de 'double' a 'float'; posible pérdida de datos
c:\users\losme\desktop\pingpangpung_100_9_pajulio\pingpangpung_100_9_pa\exp_9_100_practicaobligatoria_pa\practica_obligatoria_pa_visualstudio\openglbase\particula.h(31): warning C4305: 'inicializando': truncamiento de 'double' a 'float'
c:\users\losme\desktop\pingpangpung_100_9_pajulio\pingpangpung_100_9_pa\exp_9_100_practicaobligatoria_pa\practica_obligatoria_pa_visualstudio\openglbase\particula.h(48): warning C4244: 'argumento': conversión de 'double' a 'float'; posible pérdida de datos
c:\users\losme\desktop\pingpangpung_100_9_pajulio\pingpangpung_100_9_pa\exp_9_100_practicaobligatoria_pa\practica_obligatoria_pa_visualstudio\openglbase\particula.h(63): warning C4244: 'argumento': conversión de 'double' a 'float'; posible pérdida de datos
c:\users\losme\desktop\pingpangpung_100_9_pajulio\pingpangpung_100_9_pa\exp_9_100_practicaobligatoria_pa\practica_obligatoria_pa_visualstudio\openglbase\particula.h(66): warning C4244: 'argumento': conversión de 'double' a 'float'; posible pérdida de datos
c:\users\losme\desktop\pingpangpung_100_9_pajulio\pingpangpung_100_9_pa\exp_9_100_practicaobligatoria_pa\practica_obligatoria_pa_visualstudio\openglbase\particula.h(88): warning C4305: 'inicializando': truncamiento de 'double' a 'float'
  planoY.cpp
  planoZ.cpp
c:\users\losme\desktop\pingpangpung_100_9_pajulio\pingpangpung_100_9_pa\exp_9_100_practicaobligatoria_pa\practica_obligatoria_pa_visualstudio\openglbase\planoz.h(17): warning C4305: 'argumento': truncamiento de 'double' a 'float'
  solido.cpp
c:\users\losme\desktop\pingpangpung_100_9_pajulio\pingpangpung_100_9_pa\exp_9_100_practicaobligatoria_pa\practica_obligatoria_pa_visualstudio\openglbase\planoz.h(17): warning C4305: 'argumento': truncamiento de 'double' a 'float'
c:\users\losme\desktop\pingpangpung_100_9_pajulio\pingpangpung_100_9_pa\exp_9_100_practicaobligatoria_pa\practica_obligatoria_pa_visualstudio\openglbase\particula.h(31): warning C4244: 'argumento': conversión de 'double' a 'float'; posible pérdida de datos
c:\users\losme\desktop\pingpangpung_100_9_pajulio\pingpangpung_100_9_pa\exp_9_100_practicaobligatoria_pa\practica_obligatoria_pa_visualstudio\openglbase\particula.h(31): warning C4305: 'inicializando': truncamiento de 'double' a 'float'
c:\users\losme\desktop\pingpangpung_100_9_pajulio\pingpangpung_100_9_pa\exp_9_100_practicaobligatoria_pa\practica_obligatoria_pa_visualstudio\openglbase\particula.h(48): warning C4244: 'argumento': conversión de 'double' a 'float'; posible pérdida de datos
c:\users\losme\desktop\pingpangpung_100_9_pajulio\pingpangpung_100_9_pa\exp_9_100_practicaobligatoria_pa\practica_obligatoria_pa_visualstudio\openglbase\particula.h(63): warning C4244: 'argumento': conversión de 'double' a 'float'; posible pérdida de datos
c:\users\losme\desktop\pingpangpung_100_9_pajulio\pingpangpung_100_9_pa\exp_9_100_practicaobligatoria_pa\practica_obligatoria_pa_visualstudio\openglbase\particula.h(66): warning C4244: 'argumento': conversión de 'double' a 'float'; posible pérdida de datos
c:\users\losme\desktop\pingpangpung_100_9_pajulio\pingpangpung_100_9_pa\exp_9_100_practicaobligatoria_pa\practica_obligatoria_pa_visualstudio\openglbase\particula.h(88): warning C4305: 'inicializando': truncamiento de 'double' a 'float'
  triangulo.cpp
  Generando código...
  OpenGLBase.vcxproj -> C:\Users\losme\Desktop\PINGPANGPUNG_100_9_PAJULIO\PINGPANGPUNG_100_9_PA\Exp_9_100_PracticaObligatoria_PA\Practica_Obligatoria_PA_VisualStudio\x64\Debug\Motor.exe
